  string类及其常用接口.cpp
D:\代码\实现string类及其常用接口\teststring.h(68,13): error C2679: 二进制“<<”: 没有找到接受“String”类型的右操作数的运算符(或没有可接受的转换)
D:\Visual Studio\VC\Tools\MSVC\14.24.28314\include\ostream(462,39): message : 可能是“std::basic_ostream<char,std::char_traits<char>> &std::basic_ostream<char,std::char_traits<char>>::operator <<(std::basic_streambuf<char,std::char_traits<char>> *)”
D:\Visual Studio\VC\Tools\MSVC\14.24.28314\include\ostream(437,39): message : 或    “std::basic_ostream<char,std::char_traits<char>> &std::basic_ostream<char,std::char_traits<char>>::operator <<(const void *)”
D:\Visual Studio\VC\Tools\MSVC\14.24.28314\include\ostream(419,39): message : 或    “std::basic_ostream<char,std::char_traits<char>> &std::basic_ostream<char,std::char_traits<char>>::operator <<(long double)”
D:\Visual Studio\VC\Tools\MSVC\14.24.28314\include\ostream(401,39): message : 或    “std::basic_ostream<char,std::char_traits<char>> &std::basic_ostream<char,std::char_traits<char>>::operator <<(double)”
D:\Visual Studio\VC\Tools\MSVC\14.24.28314\include\ostream(383,39): message : 或    “std::basic_ostream<char,std::char_traits<char>> &std::basic_ostream<char,std::char_traits<char>>::operator <<(float)”
D:\Visual Studio\VC\Tools\MSVC\14.24.28314\include\ostream(365,39): message : 或    “std::basic_ostream<char,std::char_traits<char>> &std::basic_ostream<char,std::char_traits<char>>::operator <<(unsigned __int64)”
D:\Visual Studio\VC\Tools\MSVC\14.24.28314\include\ostream(347,39): message : 或    “std::basic_ostream<char,std::char_traits<char>> &std::basic_ostream<char,std::char_traits<char>>::operator <<(__int64)”
D:\Visual Studio\VC\Tools\MSVC\14.24.28314\include\ostream(329,39): message : 或    “std::basic_ostream<char,std::char_traits<char>> &std::basic_ostream<char,std::char_traits<char>>::operator <<(unsigned long)”
D:\Visual Studio\VC\Tools\MSVC\14.24.28314\include\ostream(311,39): message : 或    “std::basic_ostream<char,std::char_traits<char>> &std::basic_ostream<char,std::char_traits<char>>::operator <<(long)”
D:\Visual Studio\VC\Tools\MSVC\14.24.28314\include\ostream(292,39): message : 或    “std::basic_ostream<char,std::char_traits<char>> &std::basic_ostream<char,std::char_traits<char>>::operator <<(unsigned int)”
D:\Visual Studio\VC\Tools\MSVC\14.24.28314\include\ostream(266,39): message : 或    “std::basic_ostream<char,std::char_traits<char>> &std::basic_ostream<char,std::char_traits<char>>::operator <<(int)”
D:\Visual Studio\VC\Tools\MSVC\14.24.28314\include\ostream(247,39): message : 或    “std::basic_ostream<char,std::char_traits<char>> &std::basic_ostream<char,std::char_traits<char>>::operator <<(unsigned short)”
D:\Visual Studio\VC\Tools\MSVC\14.24.28314\include\ostream(213,39): message : 或    “std::basic_ostream<char,std::char_traits<char>> &std::basic_ostream<char,std::char_traits<char>>::operator <<(short)”
D:\Visual Studio\VC\Tools\MSVC\14.24.28314\include\ostream(195,39): message : 或    “std::basic_ostream<char,std::char_traits<char>> &std::basic_ostream<char,std::char_traits<char>>::operator <<(bool)”
D:\Visual Studio\VC\Tools\MSVC\14.24.28314\include\ostream(190,39): message : 或    “std::basic_ostream<char,std::char_traits<char>> &std::basic_ostream<char,std::char_traits<char>>::operator <<(std::ios_base &(__cdecl *)(std::ios_base &))”
D:\Visual Studio\VC\Tools\MSVC\14.24.28314\include\ostream(185,39): message : 或    “std::basic_ostream<char,std::char_traits<char>> &std::basic_ostream<char,std::char_traits<char>>::operator <<(std::basic_ios<char,std::char_traits<char>> &(__cdecl *)(std::basic_ios<char,std::char_traits<char>> &))”
D:\Visual Studio\VC\Tools\MSVC\14.24.28314\include\ostream(180,39): message : 或    “std::basic_ostream<char,std::char_traits<char>> &std::basic_ostream<char,std::char_traits<char>>::operator <<(std::basic_ostream<char,std::char_traits<char>> &(__cdecl *)(std::basic_ostream<char,std::char_traits<char>> &))”
D:\Visual Studio\VC\Tools\MSVC\14.24.28314\include\ostream(963,32): message : 或    “std::basic_ostream<char,std::char_traits<char>> &std::operator <<<char,std::char_traits<char>>(std::basic_ostream<char,std::char_traits<char>> &,const std::error_code &)”
D:\Visual Studio\VC\Tools\MSVC\14.24.28314\include\ostream(909,31): message : 或    “std::basic_ostream<char,std::char_traits<char>> &std::operator <<<std::char_traits<char>>(std::basic_ostream<char,std::char_traits<char>> &,unsigned char)”
D:\Visual Studio\VC\Tools\MSVC\14.24.28314\include\ostream(903,31): message : 或    “std::basic_ostream<char,std::char_traits<char>> &std::operator <<<std::char_traits<char>>(std::basic_ostream<char,std::char_traits<char>> &,const unsigned char *)”
D:\Visual Studio\VC\Tools\MSVC\14.24.28314\include\ostream(898,31): message : 或    “std::basic_ostream<char,std::char_traits<char>> &std::operator <<<std::char_traits<char>>(std::basic_ostream<char,std::char_traits<char>> &,signed char)”
D:\Visual Studio\VC\Tools\MSVC\14.24.28314\include\ostream(892,31): message : 或    “std::basic_ostream<char,std::char_traits<char>> &std::operator <<<std::char_traits<char>>(std::basic_ostream<char,std::char_traits<char>> &,const signed char *)”
D:\Visual Studio\VC\Tools\MSVC\14.24.28314\include\ostream(775,31): message : 或    “std::basic_ostream<char,std::char_traits<char>> &std::operator <<<std::char_traits<char>>(std::basic_ostream<char,std::char_traits<char>> &,char)”
D:\Visual Studio\VC\Tools\MSVC\14.24.28314\include\ostream(730,31): message : 或    “std::basic_ostream<char,std::char_traits<char>> &std::operator <<<std::char_traits<char>>(std::basic_ostream<char,std::char_traits<char>> &,const char *)”
D:\Visual Studio\VC\Tools\MSVC\14.24.28314\include\ostream(694,32): message : 或    “std::basic_ostream<char,std::char_traits<char>> &std::operator <<<char,std::char_traits<char>>(std::basic_ostream<char,std::char_traits<char>> &,char)”
D:\Visual Studio\VC\Tools\MSVC\14.24.28314\include\ostream(650,32): message : 或    “std::basic_ostream<char,std::char_traits<char>> &std::operator <<<char,std::char_traits<char>>(std::basic_ostream<char,std::char_traits<char>> &,const char *)”
D:\代码\实现string类及其常用接口\teststring.h(68,13): message : 尝试匹配参数列表“(std::ostream, String)”时
  teststring2.cpp
  正在生成代码...
